Mensaje I / 00:00:00:000 / Root(00) para top(01)
Mensaje I / 00:00:00:000 / top(01) para memorizer(02)
Mensaje I / 00:00:00:000 / top(01) para processor(05)
Mensaje I / 00:00:00:000 / memorizer(02) para bm(03)
Mensaje I / 00:00:00:000 / memorizer(02) para tm(04)
Mensaje I / 00:00:00:000 / processor(05) para bp(06)
Mensaje I / 00:00:00:000 / processor(05) para tp(07)
Mensaje D / 00:00:00:000 / bm(03) / ... para memorizer(02)
Mensaje D / 00:00:00:000 / tm(04) / ... para memorizer(02)
Mensaje D / 00:00:00:000 / bp(06) / ... para processor(05)
Mensaje D / 00:00:00:000 / tp(07) / ... para processor(05)
Mensaje D / 00:00:00:000 / memorizer(02) / ... para top(01)
Mensaje D / 00:00:00:000 / processor(05) / ... para top(01)
Mensaje D / 00:00:00:000 / top(01) / ... para Root(00)
Mensaje X / 00:00:03:000 / Root(00) / inm /     30.00000 para top(01)
Mensaje X / 00:00:03:000 / top(01) / inm /     30.00000 para processor(05)
Mensaje X / 00:00:03:000 / processor(05) / inm /     30.00000 para bp(06)
Mensaje X / 00:00:03:000 / processor(05) / inm /     30.00000 para tp(07)
Mensaje D / 00:00:03:000 / bp(06) / 00:00:00:005 para processor(05)
Mensaje D / 00:00:03:000 / tp(07) / 00:00:00:005 para processor(05)
Mensaje D / 00:00:03:000 / processor(05) / 00:00:00:005 para top(01)
Mensaje D / 00:00:03:000 / top(01) / 00:00:00:005 para Root(00)
Mensaje * / 00:00:03:005 / Root(00) para top(01)
Mensaje * / 00:00:03:005 / top(01) para processor(05)
Mensaje * / 00:00:03:005 / processor(05) para bp(06)
Mensaje Y / 00:00:03:005 / bp(06) / blow /      1.00000 para processor(05)
Mensaje Y / 00:00:03:005 / bp(06) / out /      1.00000 para processor(05)
Mensaje D / 00:00:03:005 / bp(06) / ... para processor(05)
Mensaje X / 00:00:03:005 / processor(05) / blow /      1.00000 para tp(07)
Mensaje Y / 00:00:03:005 / processor(05) / outf /      1.00000 para top(01)
Mensaje D / 00:00:03:005 / tp(07) / 00:00:00:005 para processor(05)
Mensaje Y / 00:00:03:005 / top(01) / outf /      1.00000 para Root(00)
Mensaje D / 00:00:03:005 / processor(05) / 00:00:00:005 para top(01)
Mensaje D / 00:00:03:005 / top(01) / 00:00:00:005 para Root(00)
Mensaje * / 00:00:03:010 / Root(00) para top(01)
Mensaje * / 00:00:03:010 / top(01) para processor(05)
Mensaje * / 00:00:03:010 / processor(05) para tp(07)
Mensaje Y / 00:00:03:010 / tp(07) / out /     26.00000 para processor(05)
Mensaje D / 00:00:03:010 / tp(07) / ... para processor(05)
Mensaje Y / 00:00:03:010 / processor(05) / outr /     26.00000 para top(01)
Mensaje D / 00:00:03:010 / processor(05) / ... para top(01)
Mensaje Y / 00:00:03:010 / top(01) / outr /     26.00000 para Root(00)
Mensaje D / 00:00:03:010 / top(01) / ... para Root(00)
Mensaje X / 00:00:04:000 / Root(00) / inb /      0.00000 para top(01)
Mensaje X / 00:00:04:000 / top(01) / inb /      0.00000 para memorizer(02)
Mensaje X / 00:00:04:000 / memorizer(02) / in /      0.00000 para bm(03)
Mensaje D / 00:00:04:000 / bm(03) / 00:00:00:005 para memorizer(02)
Mensaje D / 00:00:04:000 / memorizer(02) / 00:00:00:005 para top(01)
Mensaje D / 00:00:04:000 / top(01) / 00:00:00:005 para Root(00)
Mensaje * / 00:00:04:005 / Root(00) para top(01)
Mensaje * / 00:00:04:005 / top(01) para memorizer(02)
Mensaje * / 00:00:04:005 / memorizer(02) para bm(03)
Mensaje Y / 00:00:04:005 / bm(03) / out /      0.00000 para memorizer(02)
Mensaje D / 00:00:04:005 / bm(03) / ... para memorizer(02)
Mensaje Y / 00:00:04:005 / memorizer(02) / outb /      0.00000 para top(01)
Mensaje D / 00:00:04:005 / memorizer(02) / ... para top(01)
Mensaje X / 00:00:04:005 / top(01) / inb /      0.00000 para processor(05)
Mensaje X / 00:00:04:005 / processor(05) / inb /      0.00000 para bp(06)
Mensaje D / 00:00:04:005 / bp(06) / 00:00:00:005 para processor(05)
Mensaje D / 00:00:04:005 / processor(05) / 00:00:00:005 para top(01)
Mensaje D / 00:00:04:005 / top(01) / 00:00:00:005 para Root(00)
Mensaje * / 00:00:04:010 / Root(00) para top(01)
Mensaje * / 00:00:04:010 / top(01) para processor(05)
Mensaje * / 00:00:04:010 / processor(05) para bp(06)
Mensaje Y / 00:00:04:010 / bp(06) / blow /      4.00000 para processor(05)
Mensaje Y / 00:00:04:010 / bp(06) / out /      4.00000 para processor(05)
Mensaje D / 00:00:04:010 / bp(06) / ... para processor(05)
Mensaje X / 00:00:04:010 / processor(05) / blow /      4.00000 para tp(07)
Mensaje Y / 00:00:04:010 / processor(05) / outf /      4.00000 para top(01)
Mensaje D / 00:00:04:010 / tp(07) / 00:00:00:005 para processor(05)
Mensaje Y / 00:00:04:010 / top(01) / outf /      4.00000 para Root(00)
Mensaje D / 00:00:04:010 / processor(05) / 00:00:00:005 para top(01)
Mensaje D / 00:00:04:010 / top(01) / 00:00:00:005 para Root(00)
Mensaje * / 00:00:04:015 / Root(00) para top(01)
Mensaje * / 00:00:04:015 / top(01) para processor(05)
Mensaje * / 00:00:04:015 / processor(05) para tp(07)
Mensaje Y / 00:00:04:015 / tp(07) / out /     28.00000 para processor(05)
Mensaje D / 00:00:04:015 / tp(07) / ... para processor(05)
Mensaje Y / 00:00:04:015 / processor(05) / outr /     28.00000 para top(01)
Mensaje D / 00:00:04:015 / processor(05) / ... para top(01)
Mensaje Y / 00:00:04:015 / top(01) / outr /     28.00000 para Root(00)
Mensaje D / 00:00:04:015 / top(01) / ... para Root(00)
Mensaje X / 00:00:05:000 / Root(00) / int /     18.00000 para top(01)
Mensaje X / 00:00:05:000 / top(01) / int /     18.00000 para memorizer(02)
Mensaje X / 00:00:05:000 / memorizer(02) / in /     18.00000 para tm(04)
Mensaje D / 00:00:05:000 / tm(04) / 00:00:00:005 para memorizer(02)
Mensaje D / 00:00:05:000 / memorizer(02) / 00:00:00:005 para top(01)
Mensaje D / 00:00:05:000 / top(01) / 00:00:00:005 para Root(00)
Mensaje * / 00:00:05:005 / Root(00) para top(01)
Mensaje * / 00:00:05:005 / top(01) para memorizer(02)
Mensaje * / 00:00:05:005 / memorizer(02) para tm(04)
Mensaje Y / 00:00:05:005 / tm(04) / out /     18.00000 para memorizer(02)
Mensaje D / 00:00:05:005 / tm(04) / ... para memorizer(02)
Mensaje Y / 00:00:05:005 / memorizer(02) / outt /     18.00000 para top(01)
Mensaje D / 00:00:05:005 / memorizer(02) / ... para top(01)
Mensaje X / 00:00:05:005 / top(01) / int /     18.00000 para processor(05)
Mensaje X / 00:00:05:005 / processor(05) / int /     18.00000 para tp(07)
Mensaje D / 00:00:05:005 / tp(07) / 00:00:00:005 para processor(05)
Mensaje D / 00:00:05:005 / processor(05) / 00:00:00:005 para top(01)
Mensaje D / 00:00:05:005 / top(01) / 00:00:00:005 para Root(00)
Mensaje * / 00:00:05:010 / Root(00) para top(01)
Mensaje * / 00:00:05:010 / top(01) para processor(05)
Mensaje * / 00:00:05:010 / processor(05) para tp(07)
Mensaje Y / 00:00:05:010 / tp(07) / temp /     18.00000 para processor(05)
Mensaje D / 00:00:05:010 / tp(07) / ... para processor(05)
Mensaje X / 00:00:05:010 / processor(05) / temp /     18.00000 para bp(06)
Mensaje D / 00:00:05:010 / bp(06) / 00:00:00:005 para processor(05)
Mensaje D / 00:00:05:010 / processor(05) / 00:00:00:005 para top(01)
Mensaje D / 00:00:05:010 / top(01) / 00:00:00:005 para Root(00)
Mensaje * / 00:00:05:015 / Root(00) para top(01)
Mensaje * / 00:00:05:015 / top(01) para processor(05)
Mensaje * / 00:00:05:015 / processor(05) para bp(06)
Mensaje Y / 00:00:05:015 / bp(06) / blow /      6.00000 para processor(05)
Mensaje Y / 00:00:05:015 / bp(06) / out /      6.00000 para processor(05)
Mensaje D / 00:00:05:015 / bp(06) / ... para processor(05)
Mensaje X / 00:00:05:015 / processor(05) / blow /      6.00000 para tp(07)
Mensaje Y / 00:00:05:015 / processor(05) / outf /      6.00000 para top(01)
Mensaje D / 00:00:05:015 / tp(07) / 00:00:00:005 para processor(05)
Mensaje Y / 00:00:05:015 / top(01) / outf /      6.00000 para Root(00)
Mensaje D / 00:00:05:015 / processor(05) / 00:00:00:005 para top(01)
Mensaje D / 00:00:05:015 / top(01) / 00:00:00:005 para Root(00)
Mensaje * / 00:00:05:020 / Root(00) para top(01)
Mensaje * / 00:00:05:020 / top(01) para processor(05)
Mensaje * / 00:00:05:020 / processor(05) para tp(07)
Mensaje Y / 00:00:05:020 / tp(07) / out /     27.00000 para processor(05)
Mensaje D / 00:00:05:020 / tp(07) / ... para processor(05)
Mensaje Y / 00:00:05:020 / processor(05) / outr /     27.00000 para top(01)
Mensaje D / 00:00:05:020 / processor(05) / ... para top(01)
Mensaje Y / 00:00:05:020 / top(01) / outr /     27.00000 para Root(00)
Mensaje D / 00:00:05:020 / top(01) / ... para Root(00)
Mensaje X / 00:00:06:000 / Root(00) / inm /     28.00000 para top(01)
Mensaje X / 00:00:06:000 / top(01) / inm /     28.00000 para processor(05)
Mensaje X / 00:00:06:000 / processor(05) / inm /     28.00000 para bp(06)
Mensaje X / 00:00:06:000 / processor(05) / inm /     28.00000 para tp(07)
Mensaje D / 00:00:06:000 / bp(06) / 00:00:00:005 para processor(05)
Mensaje D / 00:00:06:000 / tp(07) / 00:00:00:005 para processor(05)
Mensaje D / 00:00:06:000 / processor(05) / 00:00:00:005 para top(01)
Mensaje D / 00:00:06:000 / top(01) / 00:00:00:005 para Root(00)
Mensaje * / 00:00:06:005 / Root(00) para top(01)
Mensaje * / 00:00:06:005 / top(01) para processor(05)
Mensaje * / 00:00:06:005 / processor(05) para bp(06)
Mensaje Y / 00:00:06:005 / bp(06) / blow /      5.00000 para processor(05)
Mensaje Y / 00:00:06:005 / bp(06) / out /      5.00000 para processor(05)
Mensaje D / 00:00:06:005 / bp(06) / ... para processor(05)
Mensaje X / 00:00:06:005 / processor(05) / blow /      5.00000 para tp(07)
Mensaje Y / 00:00:06:005 / processor(05) / outf /      5.00000 para top(01)
Mensaje D / 00:00:06:005 / tp(07) / 00:00:00:005 para processor(05)
Mensaje Y / 00:00:06:005 / top(01) / outf /      5.00000 para Root(00)
Mensaje D / 00:00:06:005 / processor(05) / 00:00:00:005 para top(01)
Mensaje D / 00:00:06:005 / top(01) / 00:00:00:005 para Root(00)
Mensaje * / 00:00:06:010 / Root(00) para top(01)
Mensaje * / 00:00:06:010 / top(01) para processor(05)
Mensaje * / 00:00:06:010 / processor(05) para tp(07)
Mensaje Y / 00:00:06:010 / tp(07) / out /     25.00000 para processor(05)
Mensaje D / 00:00:06:010 / tp(07) / ... para processor(05)
Mensaje Y / 00:00:06:010 / processor(05) / outr /     25.00000 para top(01)
Mensaje D / 00:00:06:010 / processor(05) / ... para top(01)
Mensaje Y / 00:00:06:010 / top(01) / outr /     25.00000 para Root(00)
Mensaje D / 00:00:06:010 / top(01) / ... para Root(00)
Mensaje X / 00:00:07:000 / Root(00) / inb /      3.00000 para top(01)
Mensaje X / 00:00:07:000 / top(01) / inb /      3.00000 para memorizer(02)
Mensaje X / 00:00:07:000 / memorizer(02) / in /      3.00000 para bm(03)
Mensaje D / 00:00:07:000 / bm(03) / 00:00:00:005 para memorizer(02)
Mensaje D / 00:00:07:000 / memorizer(02) / 00:00:00:005 para top(01)
Mensaje D / 00:00:07:000 / top(01) / 00:00:00:005 para Root(00)
Mensaje * / 00:00:07:005 / Root(00) para top(01)
Mensaje * / 00:00:07:005 / top(01) para memorizer(02)
Mensaje * / 00:00:07:005 / memorizer(02) para bm(03)
Mensaje Y / 00:00:07:005 / bm(03) / out /      3.00000 para memorizer(02)
Mensaje D / 00:00:07:005 / bm(03) / ... para memorizer(02)
Mensaje Y / 00:00:07:005 / memorizer(02) / outb /      3.00000 para top(01)
Mensaje D / 00:00:07:005 / memorizer(02) / ... para top(01)
Mensaje X / 00:00:07:005 / top(01) / inb /      3.00000 para processor(05)
Mensaje X / 00:00:07:005 / processor(05) / inb /      3.00000 para bp(06)
Mensaje D / 00:00:07:005 / bp(06) / 00:00:00:005 para processor(05)
Mensaje D / 00:00:07:005 / processor(05) / 00:00:00:005 para top(01)
Mensaje D / 00:00:07:005 / top(01) / 00:00:00:005 para Root(00)
Mensaje * / 00:00:07:010 / Root(00) para top(01)
Mensaje * / 00:00:07:010 / top(01) para processor(05)
Mensaje * / 00:00:07:010 / processor(05) para bp(06)
Mensaje Y / 00:00:07:010 / bp(06) / blow /      3.00000 para processor(05)
Mensaje Y / 00:00:07:010 / bp(06) / out /      3.00000 para processor(05)
Mensaje D / 00:00:07:010 / bp(06) / ... para processor(05)
Mensaje X / 00:00:07:010 / processor(05) / blow /      3.00000 para tp(07)
Mensaje Y / 00:00:07:010 / processor(05) / outf /      3.00000 para top(01)
Mensaje D / 00:00:07:010 / tp(07) / 00:00:00:005 para processor(05)
Mensaje Y / 00:00:07:010 / top(01) / outf /      3.00000 para Root(00)
Mensaje D / 00:00:07:010 / processor(05) / 00:00:00:005 para top(01)
Mensaje D / 00:00:07:010 / top(01) / 00:00:00:005 para Root(00)
Mensaje * / 00:00:07:015 / Root(00) para top(01)
Mensaje * / 00:00:07:015 / top(01) para processor(05)
Mensaje * / 00:00:07:015 / processor(05) para tp(07)
Mensaje Y / 00:00:07:015 / tp(07) / out /     23.00000 para processor(05)
Mensaje D / 00:00:07:015 / tp(07) / ... para processor(05)
Mensaje Y / 00:00:07:015 / processor(05) / outr /     23.00000 para top(01)
Mensaje D / 00:00:07:015 / processor(05) / ... para top(01)
Mensaje Y / 00:00:07:015 / top(01) / outr /     23.00000 para Root(00)
Mensaje D / 00:00:07:015 / top(01) / ... para Root(00)
Mensaje X / 00:00:08:000 / Root(00) / inb /      6.00000 para top(01)
Mensaje X / 00:00:08:000 / top(01) / inb /      6.00000 para memorizer(02)
Mensaje X / 00:00:08:000 / memorizer(02) / in /      6.00000 para bm(03)
Mensaje D / 00:00:08:000 / bm(03) / 00:00:00:005 para memorizer(02)
Mensaje D / 00:00:08:000 / memorizer(02) / 00:00:00:005 para top(01)
Mensaje D / 00:00:08:000 / top(01) / 00:00:00:005 para Root(00)
Mensaje * / 00:00:08:005 / Root(00) para top(01)
Mensaje * / 00:00:08:005 / top(01) para memorizer(02)
Mensaje * / 00:00:08:005 / memorizer(02) para bm(03)
Mensaje Y / 00:00:08:005 / bm(03) / out /      6.00000 para memorizer(02)
Mensaje D / 00:00:08:005 / bm(03) / ... para memorizer(02)
Mensaje Y / 00:00:08:005 / memorizer(02) / outb /      6.00000 para top(01)
Mensaje D / 00:00:08:005 / memorizer(02) / ... para top(01)
Mensaje X / 00:00:08:005 / top(01) / inb /      6.00000 para processor(05)
Mensaje X / 00:00:08:005 / processor(05) / inb /      6.00000 para bp(06)
Mensaje D / 00:00:08:005 / bp(06) / 00:00:00:005 para processor(05)
Mensaje D / 00:00:08:005 / processor(05) / 00:00:00:005 para top(01)
Mensaje D / 00:00:08:005 / top(01) / 00:00:00:005 para Root(00)
Mensaje * / 00:00:08:010 / Root(00) para top(01)
Mensaje * / 00:00:08:010 / top(01) para processor(05)
Mensaje * / 00:00:08:010 / processor(05) para bp(06)
Mensaje Y / 00:00:08:010 / bp(06) / blow /      6.00000 para processor(05)
Mensaje Y / 00:00:08:010 / bp(06) / out /      6.00000 para processor(05)
Mensaje D / 00:00:08:010 / bp(06) / ... para processor(05)
Mensaje X / 00:00:08:010 / processor(05) / blow /      6.00000 para tp(07)
Mensaje Y / 00:00:08:010 / processor(05) / outf /      6.00000 para top(01)
Mensaje D / 00:00:08:010 / tp(07) / 00:00:00:005 para processor(05)
Mensaje Y / 00:00:08:010 / top(01) / outf /      6.00000 para Root(00)
Mensaje D / 00:00:08:010 / processor(05) / 00:00:00:005 para top(01)
Mensaje D / 00:00:08:010 / top(01) / 00:00:00:005 para Root(00)
Mensaje * / 00:00:08:015 / Root(00) para top(01)
Mensaje * / 00:00:08:015 / top(01) para processor(05)
Mensaje * / 00:00:08:015 / processor(05) para tp(07)
Mensaje Y / 00:00:08:015 / tp(07) / out /     26.00000 para processor(05)
Mensaje D / 00:00:08:015 / tp(07) / ... para processor(05)
Mensaje Y / 00:00:08:015 / processor(05) / outr /     26.00000 para top(01)
Mensaje D / 00:00:08:015 / processor(05) / ... para top(01)
Mensaje Y / 00:00:08:015 / top(01) / outr /     26.00000 para Root(00)
Mensaje D / 00:00:08:015 / top(01) / ... para Root(00)
Mensaje X / 00:00:09:000 / Root(00) / inm /     27.00000 para top(01)
Mensaje X / 00:00:09:000 / top(01) / inm /     27.00000 para processor(05)
Mensaje X / 00:00:09:000 / processor(05) / inm /     27.00000 para bp(06)
Mensaje X / 00:00:09:000 / processor(05) / inm /     27.00000 para tp(07)
Mensaje D / 00:00:09:000 / bp(06) / 00:00:00:005 para processor(05)
Mensaje D / 00:00:09:000 / tp(07) / 00:00:00:005 para processor(05)
Mensaje D / 00:00:09:000 / processor(05) / 00:00:00:005 para top(01)
Mensaje D / 00:00:09:000 / top(01) / 00:00:00:005 para Root(00)
Mensaje * / 00:00:09:005 / Root(00) para top(01)
Mensaje * / 00:00:09:005 / top(01) para processor(05)
Mensaje * / 00:00:09:005 / processor(05) para bp(06)
Mensaje Y / 00:00:09:005 / bp(06) / blow /      6.00000 para processor(05)
Mensaje Y / 00:00:09:005 / bp(06) / out /      6.00000 para processor(05)
Mensaje D / 00:00:09:005 / bp(06) / ... para processor(05)
Mensaje X / 00:00:09:005 / processor(05) / blow /      6.00000 para tp(07)
Mensaje Y / 00:00:09:005 / processor(05) / outf /      6.00000 para top(01)
Mensaje D / 00:00:09:005 / tp(07) / 00:00:00:005 para processor(05)
Mensaje Y / 00:00:09:005 / top(01) / outf /      6.00000 para Root(00)
Mensaje D / 00:00:09:005 / processor(05) / 00:00:00:005 para top(01)
Mensaje D / 00:00:09:005 / top(01) / 00:00:00:005 para Root(00)
Mensaje * / 00:00:09:010 / Root(00) para top(01)
Mensaje * / 00:00:09:010 / top(01) para processor(05)
Mensaje * / 00:00:09:010 / processor(05) para tp(07)
Mensaje Y / 00:00:09:010 / tp(07) / out /     25.00000 para processor(05)
Mensaje D / 00:00:09:010 / tp(07) / ... para processor(05)
Mensaje Y / 00:00:09:010 / processor(05) / outr /     25.00000 para top(01)
Mensaje D / 00:00:09:010 / processor(05) / ... para top(01)
Mensaje Y / 00:00:09:010 / top(01) / outr /     25.00000 para Root(00)
Mensaje D / 00:00:09:010 / top(01) / ... para Root(00)
Mensaje X / 00:00:10:000 / Root(00) / int /     20.00000 para top(01)
Mensaje X / 00:00:10:000 / top(01) / int /     20.00000 para memorizer(02)
Mensaje X / 00:00:10:000 / memorizer(02) / in /     20.00000 para tm(04)
Mensaje D / 00:00:10:000 / tm(04) / 00:00:00:005 para memorizer(02)
Mensaje D / 00:00:10:000 / memorizer(02) / 00:00:00:005 para top(01)
Mensaje D / 00:00:10:000 / top(01) / 00:00:00:005 para Root(00)
Mensaje * / 00:00:10:005 / Root(00) para top(01)
Mensaje * / 00:00:10:005 / top(01) para memorizer(02)
Mensaje * / 00:00:10:005 / memorizer(02) para tm(04)
Mensaje Y / 00:00:10:005 / tm(04) / out /     20.00000 para memorizer(02)
Mensaje D / 00:00:10:005 / tm(04) / ... para memorizer(02)
Mensaje Y / 00:00:10:005 / memorizer(02) / outt /     20.00000 para top(01)
Mensaje D / 00:00:10:005 / memorizer(02) / ... para top(01)
Mensaje X / 00:00:10:005 / top(01) / int /     20.00000 para processor(05)
Mensaje X / 00:00:10:005 / processor(05) / int /     20.00000 para tp(07)
Mensaje D / 00:00:10:005 / tp(07) / 00:00:00:005 para processor(05)
Mensaje D / 00:00:10:005 / processor(05) / 00:00:00:005 para top(01)
Mensaje D / 00:00:10:005 / top(01) / 00:00:00:005 para Root(00)
Mensaje * / 00:00:10:010 / Root(00) para top(01)
Mensaje * / 00:00:10:010 / top(01) para processor(05)
Mensaje * / 00:00:10:010 / processor(05) para tp(07)
Mensaje Y / 00:00:10:010 / tp(07) / temp /     20.00000 para processor(05)
Mensaje D / 00:00:10:010 / tp(07) / ... para processor(05)
Mensaje X / 00:00:10:010 / processor(05) / temp /     20.00000 para bp(06)
Mensaje D / 00:00:10:010 / bp(06) / 00:00:00:005 para processor(05)
Mensaje D / 00:00:10:010 / processor(05) / 00:00:00:005 para top(01)
Mensaje D / 00:00:10:010 / top(01) / 00:00:00:005 para Root(00)
Mensaje * / 00:00:10:015 / Root(00) para top(01)
Mensaje * / 00:00:10:015 / top(01) para processor(05)
Mensaje * / 00:00:10:015 / processor(05) para bp(06)
Mensaje Y / 00:00:10:015 / bp(06) / blow /      6.00000 para processor(05)
Mensaje Y / 00:00:10:015 / bp(06) / out /      6.00000 para processor(05)
Mensaje D / 00:00:10:015 / bp(06) / ... para processor(05)
Mensaje X / 00:00:10:015 / processor(05) / blow /      6.00000 para tp(07)
Mensaje Y / 00:00:10:015 / processor(05) / outf /      6.00000 para top(01)
Mensaje D / 00:00:10:015 / tp(07) / 00:00:00:005 para processor(05)
Mensaje Y / 00:00:10:015 / top(01) / outf /      6.00000 para Root(00)
Mensaje D / 00:00:10:015 / processor(05) / 00:00:00:005 para top(01)
Mensaje D / 00:00:10:015 / top(01) / 00:00:00:005 para Root(00)
Mensaje * / 00:00:10:020 / Root(00) para top(01)
Mensaje * / 00:00:10:020 / top(01) para processor(05)
Mensaje * / 00:00:10:020 / processor(05) para tp(07)
Mensaje Y / 00:00:10:020 / tp(07) / out /     25.00000 para processor(05)
Mensaje D / 00:00:10:020 / tp(07) / ... para processor(05)
Mensaje Y / 00:00:10:020 / processor(05) / outr /     25.00000 para top(01)
Mensaje D / 00:00:10:020 / processor(05) / ... para top(01)
Mensaje Y / 00:00:10:020 / top(01) / outr /     25.00000 para Root(00)
Mensaje D / 00:00:10:020 / top(01) / ... para Root(00)
Mensaje X / 00:00:13:000 / Root(00) / inm /     26.00000 para top(01)
Mensaje X / 00:00:13:000 / top(01) / inm /     26.00000 para processor(05)
Mensaje X / 00:00:13:000 / processor(05) / inm /     26.00000 para bp(06)
Mensaje X / 00:00:13:000 / processor(05) / inm /     26.00000 para tp(07)
Mensaje D / 00:00:13:000 / bp(06) / 00:00:00:005 para processor(05)
Mensaje D / 00:00:13:000 / tp(07) / 00:00:00:005 para processor(05)
Mensaje D / 00:00:13:000 / processor(05) / 00:00:00:005 para top(01)
Mensaje D / 00:00:13:000 / top(01) / 00:00:00:005 para Root(00)
Mensaje * / 00:00:13:005 / Root(00) para top(01)
Mensaje * / 00:00:13:005 / top(01) para processor(05)
Mensaje * / 00:00:13:005 / processor(05) para bp(06)
Mensaje Y / 00:00:13:005 / bp(06) / blow /      6.00000 para processor(05)
Mensaje Y / 00:00:13:005 / bp(06) / out /      6.00000 para processor(05)
Mensaje D / 00:00:13:005 / bp(06) / ... para processor(05)
Mensaje X / 00:00:13:005 / processor(05) / blow /      6.00000 para tp(07)
Mensaje Y / 00:00:13:005 / processor(05) / outf /      6.00000 para top(01)
Mensaje D / 00:00:13:005 / tp(07) / 00:00:00:005 para processor(05)
Mensaje Y / 00:00:13:005 / top(01) / outf /      6.00000 para Root(00)
Mensaje D / 00:00:13:005 / processor(05) / 00:00:00:005 para top(01)
Mensaje D / 00:00:13:005 / top(01) / 00:00:00:005 para Root(00)
Mensaje * / 00:00:13:010 / Root(00) para top(01)
Mensaje * / 00:00:13:010 / top(01) para processor(05)
Mensaje * / 00:00:13:010 / processor(05) para tp(07)
Mensaje Y / 00:00:13:010 / tp(07) / out /     24.00000 para processor(05)
Mensaje D / 00:00:13:010 / tp(07) / ... para processor(05)
Mensaje Y / 00:00:13:010 / processor(05) / outr /     24.00000 para top(01)
Mensaje D / 00:00:13:010 / processor(05) / ... para top(01)
Mensaje Y / 00:00:13:010 / top(01) / outr /     24.00000 para Root(00)
Mensaje D / 00:00:13:010 / top(01) / ... para Root(00)
Mensaje X / 00:00:19:000 / Root(00) / inm /     25.00000 para top(01)
Mensaje X / 00:00:19:000 / top(01) / inm /     25.00000 para processor(05)
Mensaje X / 00:00:19:000 / processor(05) / inm /     25.00000 para bp(06)
Mensaje X / 00:00:19:000 / processor(05) / inm /     25.00000 para tp(07)
Mensaje D / 00:00:19:000 / bp(06) / 00:00:00:005 para processor(05)
Mensaje D / 00:00:19:000 / tp(07) / 00:00:00:005 para processor(05)
Mensaje D / 00:00:19:000 / processor(05) / 00:00:00:005 para top(01)
Mensaje D / 00:00:19:000 / top(01) / 00:00:00:005 para Root(00)
Mensaje * / 00:00:19:005 / Root(00) para top(01)
Mensaje * / 00:00:19:005 / top(01) para processor(05)
Mensaje * / 00:00:19:005 / processor(05) para bp(06)
Mensaje Y / 00:00:19:005 / bp(06) / blow /      6.00000 para processor(05)
Mensaje Y / 00:00:19:005 / bp(06) / out /      6.00000 para processor(05)
Mensaje D / 00:00:19:005 / bp(06) / ... para processor(05)
Mensaje X / 00:00:19:005 / processor(05) / blow /      6.00000 para tp(07)
Mensaje Y / 00:00:19:005 / processor(05) / outf /      6.00000 para top(01)
Mensaje D / 00:00:19:005 / tp(07) / 00:00:00:005 para processor(05)
Mensaje Y / 00:00:19:005 / top(01) / outf /      6.00000 para Root(00)
Mensaje D / 00:00:19:005 / processor(05) / 00:00:00:005 para top(01)
Mensaje D / 00:00:19:005 / top(01) / 00:00:00:005 para Root(00)
Mensaje * / 00:00:19:010 / Root(00) para top(01)
Mensaje * / 00:00:19:010 / top(01) para processor(05)
Mensaje * / 00:00:19:010 / processor(05) para tp(07)
Mensaje Y / 00:00:19:010 / tp(07) / out /     24.00000 para processor(05)
Mensaje D / 00:00:19:010 / tp(07) / ... para processor(05)
Mensaje Y / 00:00:19:010 / processor(05) / outr /     24.00000 para top(01)
Mensaje D / 00:00:19:010 / processor(05) / ... para top(01)
Mensaje Y / 00:00:19:010 / top(01) / outr /     24.00000 para Root(00)
Mensaje D / 00:00:19:010 / top(01) / ... para Root(00)
Mensaje X / 00:00:23:000 / Root(00) / inb /      3.00000 para top(01)
Mensaje X / 00:00:23:000 / top(01) / inb /      3.00000 para memorizer(02)
Mensaje X / 00:00:23:000 / memorizer(02) / in /      3.00000 para bm(03)
Mensaje D / 00:00:23:000 / bm(03) / 00:00:00:005 para memorizer(02)
Mensaje D / 00:00:23:000 / memorizer(02) / 00:00:00:005 para top(01)
Mensaje D / 00:00:23:000 / top(01) / 00:00:00:005 para Root(00)
Mensaje X / 00:00:23:000 / Root(00) / inm /     24.00000 para top(01)
Mensaje X / 00:00:23:000 / top(01) / inm /     24.00000 para processor(05)
Mensaje X / 00:00:23:000 / processor(05) / inm /     24.00000 para bp(06)
Mensaje X / 00:00:23:000 / processor(05) / inm /     24.00000 para tp(07)
Mensaje D / 00:00:23:000 / bp(06) / 00:00:00:005 para processor(05)
Mensaje D / 00:00:23:000 / tp(07) / 00:00:00:005 para processor(05)
Mensaje D / 00:00:23:000 / processor(05) / 00:00:00:005 para top(01)
Mensaje D / 00:00:23:000 / top(01) / 00:00:00:005 para Root(00)
Mensaje * / 00:00:23:005 / Root(00) para top(01)
Mensaje * / 00:00:23:005 / top(01) para memorizer(02)
Mensaje * / 00:00:23:005 / memorizer(02) para bm(03)
Mensaje Y / 00:00:23:005 / bm(03) / out /      3.00000 para memorizer(02)
Mensaje D / 00:00:23:005 / bm(03) / ... para memorizer(02)
Mensaje Y / 00:00:23:005 / memorizer(02) / outb /      3.00000 para top(01)
Mensaje D / 00:00:23:005 / memorizer(02) / ... para top(01)
Mensaje X / 00:00:23:005 / top(01) / inb /      3.00000 para processor(05)
Mensaje X / 00:00:23:005 / processor(05) / inb /      3.00000 para bp(06)
Mensaje D / 00:00:23:005 / bp(06) / 00:00:00:005 para processor(05)
Mensaje D / 00:00:23:005 / processor(05) / 00:00:00:000 para top(01)
Mensaje D / 00:00:23:005 / top(01) / 00:00:00:000 para Root(00)
Mensaje * / 00:00:23:005 / Root(00) para top(01)
Mensaje * / 00:00:23:005 / top(01) para processor(05)
Mensaje * / 00:00:23:005 / processor(05) para tp(07)
Mensaje Y / 00:00:23:005 / tp(07) / out /     23.00000 para processor(05)
Mensaje D / 00:00:23:005 / tp(07) / ... para processor(05)
Mensaje Y / 00:00:23:005 / processor(05) / outr /     23.00000 para top(01)
Mensaje D / 00:00:23:005 / processor(05) / 00:00:00:005 para top(01)
Mensaje Y / 00:00:23:005 / top(01) / outr /     23.00000 para Root(00)
Mensaje D / 00:00:23:005 / top(01) / 00:00:00:005 para Root(00)
Mensaje * / 00:00:23:010 / Root(00) para top(01)
Mensaje * / 00:00:23:010 / top(01) para processor(05)
Mensaje * / 00:00:23:010 / processor(05) para bp(06)
Mensaje Y / 00:00:23:010 / bp(06) / blow /      3.00000 para processor(05)
Mensaje Y / 00:00:23:010 / bp(06) / out /      3.00000 para processor(05)
Mensaje D / 00:00:23:010 / bp(06) / ... para processor(05)
Mensaje X / 00:00:23:010 / processor(05) / blow /      3.00000 para tp(07)
Mensaje Y / 00:00:23:010 / processor(05) / outf /      3.00000 para top(01)
Mensaje D / 00:00:23:010 / tp(07) / 00:00:00:005 para processor(05)
Mensaje Y / 00:00:23:010 / top(01) / outf /      3.00000 para Root(00)
Mensaje D / 00:00:23:010 / processor(05) / 00:00:00:005 para top(01)
Mensaje D / 00:00:23:010 / top(01) / 00:00:00:005 para Root(00)
Mensaje * / 00:00:23:015 / Root(00) para top(01)
Mensaje * / 00:00:23:015 / top(01) para processor(05)
Mensaje * / 00:00:23:015 / processor(05) para tp(07)
Mensaje Y / 00:00:23:015 / tp(07) / out /     22.00000 para processor(05)
Mensaje D / 00:00:23:015 / tp(07) / ... para processor(05)
Mensaje Y / 00:00:23:015 / processor(05) / outr /     22.00000 para top(01)
Mensaje D / 00:00:23:015 / processor(05) / ... para top(01)
Mensaje Y / 00:00:23:015 / top(01) / outr /     22.00000 para Root(00)
Mensaje D / 00:00:23:015 / top(01) / ... para Root(00)
