Mensaje I / 00:00:00:000 / Root(00) para top(01)
Mensaje I / 00:00:00:000 / top(01) para bm(02)
Mensaje I / 00:00:00:000 / top(01) para tm(03)
Mensaje D / 00:00:00:000 / bm(02) / ... para top(01)
Mensaje D / 00:00:00:000 / tm(03) / ... para top(01)
Mensaje D / 00:00:00:000 / top(01) / ... para Root(00)
Mensaje X / 00:00:03:000 / Root(00) / int /     30.00000 para top(01)
Mensaje X / 00:00:03:000 / top(01) / in /     30.00000 para tm(03)
Mensaje D / 00:00:03:000 / tm(03) / 00:00:00:005 para top(01)
Mensaje D / 00:00:03:000 / top(01) / 00:00:00:005 para Root(00)
Mensaje * / 00:00:03:005 / Root(00) para top(01)
Mensaje * / 00:00:03:005 / top(01) para tm(03)
Mensaje Y / 00:00:03:005 / tm(03) / out /     28.00000 para top(01)
Mensaje D / 00:00:03:005 / tm(03) / ... para top(01)
Mensaje Y / 00:00:03:005 / top(01) / outt /     28.00000 para Root(00)
Mensaje D / 00:00:03:005 / top(01) / ... para Root(00)
Mensaje X / 00:00:04:000 / Root(00) / inb /      0.00000 para top(01)
Mensaje X / 00:00:04:000 / top(01) / in /      0.00000 para bm(02)
Mensaje D / 00:00:04:000 / bm(02) / 00:00:00:005 para top(01)
Mensaje D / 00:00:04:000 / top(01) / 00:00:00:005 para Root(00)
Mensaje * / 00:00:04:005 / Root(00) para top(01)
Mensaje * / 00:00:04:005 / top(01) para bm(02)
Mensaje Y / 00:00:04:005 / bm(02) / out /      0.00000 para top(01)
Mensaje D / 00:00:04:005 / bm(02) / ... para top(01)
Mensaje Y / 00:00:04:005 / top(01) / outb /      0.00000 para Root(00)
Mensaje D / 00:00:04:005 / top(01) / ... para Root(00)
Mensaje X / 00:00:05:000 / Root(00) / int /     18.00000 para top(01)
Mensaje X / 00:00:05:000 / top(01) / in /     18.00000 para tm(03)
Mensaje D / 00:00:05:000 / tm(03) / 00:00:00:005 para top(01)
Mensaje D / 00:00:05:000 / top(01) / 00:00:00:005 para Root(00)
Mensaje * / 00:00:05:005 / Root(00) para top(01)
Mensaje * / 00:00:05:005 / top(01) para tm(03)
Mensaje Y / 00:00:05:005 / tm(03) / out /     18.00000 para top(01)
Mensaje D / 00:00:05:005 / tm(03) / ... para top(01)
Mensaje Y / 00:00:05:005 / top(01) / outt /     18.00000 para Root(00)
Mensaje D / 00:00:05:005 / top(01) / ... para Root(00)
Mensaje X / 00:00:06:000 / Root(00) / int /     28.00000 para top(01)
Mensaje X / 00:00:06:000 / top(01) / in /     28.00000 para tm(03)
Mensaje D / 00:00:06:000 / tm(03) / 00:00:00:005 para top(01)
Mensaje D / 00:00:06:000 / top(01) / 00:00:00:005 para Root(00)
Mensaje * / 00:00:06:005 / Root(00) para top(01)
Mensaje * / 00:00:06:005 / top(01) para tm(03)
Mensaje Y / 00:00:06:005 / tm(03) / out /     28.00000 para top(01)
Mensaje D / 00:00:06:005 / tm(03) / ... para top(01)
Mensaje Y / 00:00:06:005 / top(01) / outt /     28.00000 para Root(00)
Mensaje D / 00:00:06:005 / top(01) / ... para Root(00)
Mensaje X / 00:00:07:000 / Root(00) / inb /      3.00000 para top(01)
Mensaje X / 00:00:07:000 / top(01) / in /      3.00000 para bm(02)
Mensaje D / 00:00:07:000 / bm(02) / 00:00:00:005 para top(01)
Mensaje D / 00:00:07:000 / top(01) / 00:00:00:005 para Root(00)
Mensaje * / 00:00:07:005 / Root(00) para top(01)
Mensaje * / 00:00:07:005 / top(01) para bm(02)
Mensaje Y / 00:00:07:005 / bm(02) / out /      3.00000 para top(01)
Mensaje D / 00:00:07:005 / bm(02) / ... para top(01)
Mensaje Y / 00:00:07:005 / top(01) / outb /      3.00000 para Root(00)
Mensaje D / 00:00:07:005 / top(01) / ... para Root(00)
Mensaje X / 00:00:08:000 / Root(00) / inb /      6.00000 para top(01)
Mensaje X / 00:00:08:000 / top(01) / in /      6.00000 para bm(02)
Mensaje D / 00:00:08:000 / bm(02) / 00:00:00:005 para top(01)
Mensaje D / 00:00:08:000 / top(01) / 00:00:00:005 para Root(00)
Mensaje * / 00:00:08:005 / Root(00) para top(01)
Mensaje * / 00:00:08:005 / top(01) para bm(02)
Mensaje Y / 00:00:08:005 / bm(02) / out /      6.00000 para top(01)
Mensaje D / 00:00:08:005 / bm(02) / ... para top(01)
Mensaje Y / 00:00:08:005 / top(01) / outb /      6.00000 para Root(00)
Mensaje D / 00:00:08:005 / top(01) / ... para Root(00)
Mensaje X / 00:00:09:000 / Root(00) / int /     27.00000 para top(01)
Mensaje X / 00:00:09:000 / top(01) / in /     27.00000 para tm(03)
Mensaje D / 00:00:09:000 / tm(03) / 00:00:00:005 para top(01)
Mensaje D / 00:00:09:000 / top(01) / 00:00:00:005 para Root(00)
Mensaje * / 00:00:09:005 / Root(00) para top(01)
Mensaje * / 00:00:09:005 / top(01) para tm(03)
Mensaje Y / 00:00:09:005 / tm(03) / out /     27.00000 para top(01)
Mensaje D / 00:00:09:005 / tm(03) / ... para top(01)
Mensaje Y / 00:00:09:005 / top(01) / outt /     27.00000 para Root(00)
Mensaje D / 00:00:09:005 / top(01) / ... para Root(00)
Mensaje X / 00:00:10:000 / Root(00) / int /     20.00000 para top(01)
Mensaje X / 00:00:10:000 / top(01) / in /     20.00000 para tm(03)
Mensaje D / 00:00:10:000 / tm(03) / 00:00:00:005 para top(01)
Mensaje D / 00:00:10:000 / top(01) / 00:00:00:005 para Root(00)
Mensaje * / 00:00:10:005 / Root(00) para top(01)
Mensaje * / 00:00:10:005 / top(01) para tm(03)
Mensaje Y / 00:00:10:005 / tm(03) / out /     20.00000 para top(01)
Mensaje D / 00:00:10:005 / tm(03) / ... para top(01)
Mensaje Y / 00:00:10:005 / top(01) / outt /     20.00000 para Root(00)
Mensaje D / 00:00:10:005 / top(01) / ... para Root(00)
Mensaje X / 00:00:13:000 / Root(00) / int /     26.00000 para top(01)
Mensaje X / 00:00:13:000 / top(01) / in /     26.00000 para tm(03)
Mensaje D / 00:00:13:000 / tm(03) / 00:00:00:005 para top(01)
Mensaje D / 00:00:13:000 / top(01) / 00:00:00:005 para Root(00)
Mensaje * / 00:00:13:005 / Root(00) para top(01)
Mensaje * / 00:00:13:005 / top(01) para tm(03)
Mensaje Y / 00:00:13:005 / tm(03) / out /     26.00000 para top(01)
Mensaje D / 00:00:13:005 / tm(03) / ... para top(01)
Mensaje Y / 00:00:13:005 / top(01) / outt /     26.00000 para Root(00)
Mensaje D / 00:00:13:005 / top(01) / ... para Root(00)
Mensaje X / 00:00:19:000 / Root(00) / int /     25.00000 para top(01)
Mensaje X / 00:00:19:000 / top(01) / in /     25.00000 para tm(03)
Mensaje D / 00:00:19:000 / tm(03) / 00:00:00:005 para top(01)
Mensaje D / 00:00:19:000 / top(01) / 00:00:00:005 para Root(00)
Mensaje * / 00:00:19:005 / Root(00) para top(01)
Mensaje * / 00:00:19:005 / top(01) para tm(03)
Mensaje Y / 00:00:19:005 / tm(03) / out /     25.00000 para top(01)
Mensaje D / 00:00:19:005 / tm(03) / ... para top(01)
Mensaje Y / 00:00:19:005 / top(01) / outt /     25.00000 para Root(00)
Mensaje D / 00:00:19:005 / top(01) / ... para Root(00)
Mensaje X / 00:00:23:000 / Root(00) / inb /      3.00000 para top(01)
Mensaje X / 00:00:23:000 / top(01) / in /      3.00000 para bm(02)
Mensaje D / 00:00:23:000 / bm(02) / 00:00:00:005 para top(01)
Mensaje D / 00:00:23:000 / top(01) / 00:00:00:005 para Root(00)
Mensaje X / 00:00:23:000 / Root(00) / int /      5.00000 para top(01)
Mensaje X / 00:00:23:000 / top(01) / in /      5.00000 para tm(03)
Mensaje D / 00:00:23:000 / tm(03) / 00:00:00:005 para top(01)
Mensaje D / 00:00:23:000 / top(01) / 00:00:00:005 para Root(00)
Mensaje * / 00:00:23:005 / Root(00) para top(01)
Mensaje * / 00:00:23:005 / top(01) para bm(02)
Mensaje Y / 00:00:23:005 / bm(02) / out /      3.00000 para top(01)
Mensaje D / 00:00:23:005 / bm(02) / ... para top(01)
Mensaje Y / 00:00:23:005 / top(01) / outb /      3.00000 para Root(00)
Mensaje D / 00:00:23:005 / top(01) / 00:00:00:000 para Root(00)
Mensaje * / 00:00:23:005 / Root(00) para top(01)
Mensaje * / 00:00:23:005 / top(01) para tm(03)
Mensaje Y / 00:00:23:005 / tm(03) / out /     16.00000 para top(01)
Mensaje D / 00:00:23:005 / tm(03) / ... para top(01)
Mensaje Y / 00:00:23:005 / top(01) / outt /     16.00000 para Root(00)
Mensaje D / 00:00:23:005 / top(01) / ... para Root(00)
