Mensaje I / 00:00:00:000 / Root(00) para top(01)
Mensaje I / 00:00:00:000 / top(01) para bp(02)
Mensaje I / 00:00:00:000 / top(01) para tp(03)
Mensaje D / 00:00:00:000 / bp(02) / ... para top(01)
Mensaje D / 00:00:00:000 / tp(03) / ... para top(01)
Mensaje D / 00:00:00:000 / top(01) / ... para Root(00)
Mensaje X / 00:00:03:000 / Root(00) / inm /     30.00000 para top(01)
Mensaje X / 00:00:03:000 / top(01) / inm /     30.00000 para bp(02)
Mensaje X / 00:00:03:000 / top(01) / inm /     30.00000 para tp(03)
Mensaje D / 00:00:03:000 / bp(02) / 00:00:00:005 para top(01)
Mensaje D / 00:00:03:000 / tp(03) / 00:00:00:005 para top(01)
Mensaje D / 00:00:03:000 / top(01) / 00:00:00:005 para Root(00)
Mensaje * / 00:00:03:005 / Root(00) para top(01)
Mensaje * / 00:00:03:005 / top(01) para bp(02)
Mensaje Y / 00:00:03:005 / bp(02) / blow /      1.00000 para top(01)
Mensaje Y / 00:00:03:005 / bp(02) / out /      1.00000 para top(01)
Mensaje D / 00:00:03:005 / bp(02) / ... para top(01)
Mensaje X / 00:00:03:005 / top(01) / blow /      1.00000 para tp(03)
Mensaje Y / 00:00:03:005 / top(01) / outf /      1.00000 para Root(00)
Mensaje D / 00:00:03:005 / tp(03) / 00:00:00:005 para top(01)
Mensaje D / 00:00:03:005 / top(01) / 00:00:00:005 para Root(00)
Mensaje * / 00:00:03:010 / Root(00) para top(01)
Mensaje * / 00:00:03:010 / top(01) para tp(03)
Mensaje Y / 00:00:03:010 / tp(03) / out /     26.00000 para top(01)
Mensaje D / 00:00:03:010 / tp(03) / ... para top(01)
Mensaje Y / 00:00:03:010 / top(01) / outr /     26.00000 para Root(00)
Mensaje D / 00:00:03:010 / top(01) / ... para Root(00)
Mensaje X / 00:00:04:000 / Root(00) / inb /      0.00000 para top(01)
Mensaje X / 00:00:04:000 / top(01) / inb /      0.00000 para bp(02)
Mensaje D / 00:00:04:000 / bp(02) / 00:00:00:005 para top(01)
Mensaje D / 00:00:04:000 / top(01) / 00:00:00:005 para Root(00)
Mensaje * / 00:00:04:005 / Root(00) para top(01)
Mensaje * / 00:00:04:005 / top(01) para bp(02)
Mensaje Y / 00:00:04:005 / bp(02) / blow /      4.00000 para top(01)
Mensaje Y / 00:00:04:005 / bp(02) / out /      4.00000 para top(01)
Mensaje D / 00:00:04:005 / bp(02) / ... para top(01)
Mensaje X / 00:00:04:005 / top(01) / blow /      4.00000 para tp(03)
Mensaje Y / 00:00:04:005 / top(01) / outf /      4.00000 para Root(00)
Mensaje D / 00:00:04:005 / tp(03) / 00:00:00:005 para top(01)
Mensaje D / 00:00:04:005 / top(01) / 00:00:00:005 para Root(00)
Mensaje * / 00:00:04:010 / Root(00) para top(01)
Mensaje * / 00:00:04:010 / top(01) para tp(03)
Mensaje Y / 00:00:04:010 / tp(03) / out /     28.00000 para top(01)
Mensaje D / 00:00:04:010 / tp(03) / ... para top(01)
Mensaje Y / 00:00:04:010 / top(01) / outr /     28.00000 para Root(00)
Mensaje D / 00:00:04:010 / top(01) / ... para Root(00)
Mensaje X / 00:00:05:000 / Root(00) / int /     18.00000 para top(01)
Mensaje X / 00:00:05:000 / top(01) / int /     18.00000 para tp(03)
Mensaje D / 00:00:05:000 / tp(03) / 00:00:00:005 para top(01)
Mensaje D / 00:00:05:000 / top(01) / 00:00:00:005 para Root(00)
Mensaje * / 00:00:05:005 / Root(00) para top(01)
Mensaje * / 00:00:05:005 / top(01) para tp(03)
Mensaje Y / 00:00:05:005 / tp(03) / temp /     18.00000 para top(01)
Mensaje D / 00:00:05:005 / tp(03) / ... para top(01)
Mensaje X / 00:00:05:005 / top(01) / temp /     18.00000 para bp(02)
Mensaje D / 00:00:05:005 / bp(02) / 00:00:00:005 para top(01)
Mensaje D / 00:00:05:005 / top(01) / 00:00:00:005 para Root(00)
Mensaje * / 00:00:05:010 / Root(00) para top(01)
Mensaje * / 00:00:05:010 / top(01) para bp(02)
Mensaje Y / 00:00:05:010 / bp(02) / blow /      6.00000 para top(01)
Mensaje Y / 00:00:05:010 / bp(02) / out /      6.00000 para top(01)
Mensaje D / 00:00:05:010 / bp(02) / ... para top(01)
Mensaje X / 00:00:05:010 / top(01) / blow /      6.00000 para tp(03)
Mensaje Y / 00:00:05:010 / top(01) / outf /      6.00000 para Root(00)
Mensaje D / 00:00:05:010 / tp(03) / 00:00:00:005 para top(01)
Mensaje D / 00:00:05:010 / top(01) / 00:00:00:005 para Root(00)
Mensaje * / 00:00:05:015 / Root(00) para top(01)
Mensaje * / 00:00:05:015 / top(01) para tp(03)
Mensaje Y / 00:00:05:015 / tp(03) / out /     27.00000 para top(01)
Mensaje D / 00:00:05:015 / tp(03) / ... para top(01)
Mensaje Y / 00:00:05:015 / top(01) / outr /     27.00000 para Root(00)
Mensaje D / 00:00:05:015 / top(01) / ... para Root(00)
Mensaje X / 00:00:06:000 / Root(00) / inm /     28.00000 para top(01)
Mensaje X / 00:00:06:000 / top(01) / inm /     28.00000 para bp(02)
Mensaje X / 00:00:06:000 / top(01) / inm /     28.00000 para tp(03)
Mensaje D / 00:00:06:000 / bp(02) / 00:00:00:005 para top(01)
Mensaje D / 00:00:06:000 / tp(03) / 00:00:00:005 para top(01)
Mensaje D / 00:00:06:000 / top(01) / 00:00:00:005 para Root(00)
Mensaje * / 00:00:06:005 / Root(00) para top(01)
Mensaje * / 00:00:06:005 / top(01) para bp(02)
Mensaje Y / 00:00:06:005 / bp(02) / blow /      5.00000 para top(01)
Mensaje Y / 00:00:06:005 / bp(02) / out /      5.00000 para top(01)
Mensaje D / 00:00:06:005 / bp(02) / ... para top(01)
Mensaje X / 00:00:06:005 / top(01) / blow /      5.00000 para tp(03)
Mensaje Y / 00:00:06:005 / top(01) / outf /      5.00000 para Root(00)
Mensaje D / 00:00:06:005 / tp(03) / 00:00:00:005 para top(01)
Mensaje D / 00:00:06:005 / top(01) / 00:00:00:005 para Root(00)
Mensaje * / 00:00:06:010 / Root(00) para top(01)
Mensaje * / 00:00:06:010 / top(01) para tp(03)
Mensaje Y / 00:00:06:010 / tp(03) / out /     25.00000 para top(01)
Mensaje D / 00:00:06:010 / tp(03) / ... para top(01)
Mensaje Y / 00:00:06:010 / top(01) / outr /     25.00000 para Root(00)
Mensaje D / 00:00:06:010 / top(01) / ... para Root(00)
Mensaje X / 00:00:07:000 / Root(00) / inb /      3.00000 para top(01)
Mensaje X / 00:00:07:000 / top(01) / inb /      3.00000 para bp(02)
Mensaje D / 00:00:07:000 / bp(02) / 00:00:00:005 para top(01)
Mensaje D / 00:00:07:000 / top(01) / 00:00:00:005 para Root(00)
Mensaje * / 00:00:07:005 / Root(00) para top(01)
Mensaje * / 00:00:07:005 / top(01) para bp(02)
Mensaje Y / 00:00:07:005 / bp(02) / blow /      3.00000 para top(01)
Mensaje Y / 00:00:07:005 / bp(02) / out /      3.00000 para top(01)
Mensaje D / 00:00:07:005 / bp(02) / ... para top(01)
Mensaje X / 00:00:07:005 / top(01) / blow /      3.00000 para tp(03)
Mensaje Y / 00:00:07:005 / top(01) / outf /      3.00000 para Root(00)
Mensaje D / 00:00:07:005 / tp(03) / 00:00:00:005 para top(01)
Mensaje D / 00:00:07:005 / top(01) / 00:00:00:005 para Root(00)
Mensaje * / 00:00:07:010 / Root(00) para top(01)
Mensaje * / 00:00:07:010 / top(01) para tp(03)
Mensaje Y / 00:00:07:010 / tp(03) / out /     23.00000 para top(01)
Mensaje D / 00:00:07:010 / tp(03) / ... para top(01)
Mensaje Y / 00:00:07:010 / top(01) / outr /     23.00000 para Root(00)
Mensaje D / 00:00:07:010 / top(01) / ... para Root(00)
Mensaje X / 00:00:08:000 / Root(00) / inb /      6.00000 para top(01)
Mensaje X / 00:00:08:000 / top(01) / inb /      6.00000 para bp(02)
Mensaje D / 00:00:08:000 / bp(02) / 00:00:00:005 para top(01)
Mensaje D / 00:00:08:000 / top(01) / 00:00:00:005 para Root(00)
Mensaje * / 00:00:08:005 / Root(00) para top(01)
Mensaje * / 00:00:08:005 / top(01) para bp(02)
Mensaje Y / 00:00:08:005 / bp(02) / blow /      6.00000 para top(01)
Mensaje Y / 00:00:08:005 / bp(02) / out /      6.00000 para top(01)
Mensaje D / 00:00:08:005 / bp(02) / ... para top(01)
Mensaje X / 00:00:08:005 / top(01) / blow /      6.00000 para tp(03)
Mensaje Y / 00:00:08:005 / top(01) / outf /      6.00000 para Root(00)
Mensaje D / 00:00:08:005 / tp(03) / 00:00:00:005 para top(01)
Mensaje D / 00:00:08:005 / top(01) / 00:00:00:005 para Root(00)
Mensaje * / 00:00:08:010 / Root(00) para top(01)
Mensaje * / 00:00:08:010 / top(01) para tp(03)
Mensaje Y / 00:00:08:010 / tp(03) / out /     26.00000 para top(01)
Mensaje D / 00:00:08:010 / tp(03) / ... para top(01)
Mensaje Y / 00:00:08:010 / top(01) / outr /     26.00000 para Root(00)
Mensaje D / 00:00:08:010 / top(01) / ... para Root(00)
Mensaje X / 00:00:09:000 / Root(00) / inm /     27.00000 para top(01)
Mensaje X / 00:00:09:000 / top(01) / inm /     27.00000 para bp(02)
Mensaje X / 00:00:09:000 / top(01) / inm /     27.00000 para tp(03)
Mensaje D / 00:00:09:000 / bp(02) / 00:00:00:005 para top(01)
Mensaje D / 00:00:09:000 / tp(03) / 00:00:00:005 para top(01)
Mensaje D / 00:00:09:000 / top(01) / 00:00:00:005 para Root(00)
Mensaje * / 00:00:09:005 / Root(00) para top(01)
Mensaje * / 00:00:09:005 / top(01) para bp(02)
Mensaje Y / 00:00:09:005 / bp(02) / blow /      6.00000 para top(01)
Mensaje Y / 00:00:09:005 / bp(02) / out /      6.00000 para top(01)
Mensaje D / 00:00:09:005 / bp(02) / ... para top(01)
Mensaje X / 00:00:09:005 / top(01) / blow /      6.00000 para tp(03)
Mensaje Y / 00:00:09:005 / top(01) / outf /      6.00000 para Root(00)
Mensaje D / 00:00:09:005 / tp(03) / 00:00:00:005 para top(01)
Mensaje D / 00:00:09:005 / top(01) / 00:00:00:005 para Root(00)
Mensaje * / 00:00:09:010 / Root(00) para top(01)
Mensaje * / 00:00:09:010 / top(01) para tp(03)
Mensaje Y / 00:00:09:010 / tp(03) / out /     25.00000 para top(01)
Mensaje D / 00:00:09:010 / tp(03) / ... para top(01)
Mensaje Y / 00:00:09:010 / top(01) / outr /     25.00000 para Root(00)
Mensaje D / 00:00:09:010 / top(01) / ... para Root(00)
Mensaje X / 00:00:10:000 / Root(00) / int /     20.00000 para top(01)
Mensaje X / 00:00:10:000 / top(01) / int /     20.00000 para tp(03)
Mensaje D / 00:00:10:000 / tp(03) / 00:00:00:005 para top(01)
Mensaje D / 00:00:10:000 / top(01) / 00:00:00:005 para Root(00)
Mensaje * / 00:00:10:005 / Root(00) para top(01)
Mensaje * / 00:00:10:005 / top(01) para tp(03)
Mensaje Y / 00:00:10:005 / tp(03) / temp /     20.00000 para top(01)
Mensaje D / 00:00:10:005 / tp(03) / ... para top(01)
Mensaje X / 00:00:10:005 / top(01) / temp /     20.00000 para bp(02)
Mensaje D / 00:00:10:005 / bp(02) / 00:00:00:005 para top(01)
Mensaje D / 00:00:10:005 / top(01) / 00:00:00:005 para Root(00)
Mensaje * / 00:00:10:010 / Root(00) para top(01)
Mensaje * / 00:00:10:010 / top(01) para bp(02)
Mensaje Y / 00:00:10:010 / bp(02) / blow /      6.00000 para top(01)
Mensaje Y / 00:00:10:010 / bp(02) / out /      6.00000 para top(01)
Mensaje D / 00:00:10:010 / bp(02) / ... para top(01)
Mensaje X / 00:00:10:010 / top(01) / blow /      6.00000 para tp(03)
Mensaje Y / 00:00:10:010 / top(01) / outf /      6.00000 para Root(00)
Mensaje D / 00:00:10:010 / tp(03) / 00:00:00:005 para top(01)
Mensaje D / 00:00:10:010 / top(01) / 00:00:00:005 para Root(00)
Mensaje * / 00:00:10:015 / Root(00) para top(01)
Mensaje * / 00:00:10:015 / top(01) para tp(03)
Mensaje Y / 00:00:10:015 / tp(03) / out /     25.00000 para top(01)
Mensaje D / 00:00:10:015 / tp(03) / ... para top(01)
Mensaje Y / 00:00:10:015 / top(01) / outr /     25.00000 para Root(00)
Mensaje D / 00:00:10:015 / top(01) / ... para Root(00)
Mensaje X / 00:00:13:000 / Root(00) / inm /     26.00000 para top(01)
Mensaje X / 00:00:13:000 / top(01) / inm /     26.00000 para bp(02)
Mensaje X / 00:00:13:000 / top(01) / inm /     26.00000 para tp(03)
Mensaje D / 00:00:13:000 / bp(02) / 00:00:00:005 para top(01)
Mensaje D / 00:00:13:000 / tp(03) / 00:00:00:005 para top(01)
Mensaje D / 00:00:13:000 / top(01) / 00:00:00:005 para Root(00)
Mensaje * / 00:00:13:005 / Root(00) para top(01)
Mensaje * / 00:00:13:005 / top(01) para bp(02)
Mensaje Y / 00:00:13:005 / bp(02) / blow /      6.00000 para top(01)
Mensaje Y / 00:00:13:005 / bp(02) / out /      6.00000 para top(01)
Mensaje D / 00:00:13:005 / bp(02) / ... para top(01)
Mensaje X / 00:00:13:005 / top(01) / blow /      6.00000 para tp(03)
Mensaje Y / 00:00:13:005 / top(01) / outf /      6.00000 para Root(00)
Mensaje D / 00:00:13:005 / tp(03) / 00:00:00:005 para top(01)
Mensaje D / 00:00:13:005 / top(01) / 00:00:00:005 para Root(00)
Mensaje * / 00:00:13:010 / Root(00) para top(01)
Mensaje * / 00:00:13:010 / top(01) para tp(03)
Mensaje Y / 00:00:13:010 / tp(03) / out /     24.00000 para top(01)
Mensaje D / 00:00:13:010 / tp(03) / ... para top(01)
Mensaje Y / 00:00:13:010 / top(01) / outr /     24.00000 para Root(00)
Mensaje D / 00:00:13:010 / top(01) / ... para Root(00)
Mensaje X / 00:00:19:000 / Root(00) / inm /     25.00000 para top(01)
Mensaje X / 00:00:19:000 / top(01) / inm /     25.00000 para bp(02)
Mensaje X / 00:00:19:000 / top(01) / inm /     25.00000 para tp(03)
Mensaje D / 00:00:19:000 / bp(02) / 00:00:00:005 para top(01)
Mensaje D / 00:00:19:000 / tp(03) / 00:00:00:005 para top(01)
Mensaje D / 00:00:19:000 / top(01) / 00:00:00:005 para Root(00)
Mensaje * / 00:00:19:005 / Root(00) para top(01)
Mensaje * / 00:00:19:005 / top(01) para bp(02)
Mensaje Y / 00:00:19:005 / bp(02) / blow /      6.00000 para top(01)
Mensaje Y / 00:00:19:005 / bp(02) / out /      6.00000 para top(01)
Mensaje D / 00:00:19:005 / bp(02) / ... para top(01)
Mensaje X / 00:00:19:005 / top(01) / blow /      6.00000 para tp(03)
Mensaje Y / 00:00:19:005 / top(01) / outf /      6.00000 para Root(00)
Mensaje D / 00:00:19:005 / tp(03) / 00:00:00:005 para top(01)
Mensaje D / 00:00:19:005 / top(01) / 00:00:00:005 para Root(00)
Mensaje * / 00:00:19:010 / Root(00) para top(01)
Mensaje * / 00:00:19:010 / top(01) para tp(03)
Mensaje Y / 00:00:19:010 / tp(03) / out /     24.00000 para top(01)
Mensaje D / 00:00:19:010 / tp(03) / ... para top(01)
Mensaje Y / 00:00:19:010 / top(01) / outr /     24.00000 para Root(00)
Mensaje D / 00:00:19:010 / top(01) / ... para Root(00)
Mensaje X / 00:00:23:000 / Root(00) / inb /      3.00000 para top(01)
Mensaje X / 00:00:23:000 / top(01) / inb /      3.00000 para bp(02)
Mensaje D / 00:00:23:000 / bp(02) / 00:00:00:005 para top(01)
Mensaje D / 00:00:23:000 / top(01) / 00:00:00:005 para Root(00)
Mensaje X / 00:00:23:000 / Root(00) / inm /     24.00000 para top(01)
Mensaje X / 00:00:23:000 / top(01) / inm /     24.00000 para bp(02)
Mensaje X / 00:00:23:000 / top(01) / inm /     24.00000 para tp(03)
Mensaje D / 00:00:23:000 / bp(02) / 00:00:00:005 para top(01)
Mensaje D / 00:00:23:000 / tp(03) / 00:00:00:005 para top(01)
Mensaje D / 00:00:23:000 / top(01) / 00:00:00:005 para Root(00)
Mensaje * / 00:00:23:005 / Root(00) para top(01)
Mensaje * / 00:00:23:005 / top(01) para bp(02)
Mensaje Y / 00:00:23:005 / bp(02) / blow /      3.00000 para top(01)
Mensaje Y / 00:00:23:005 / bp(02) / out /      3.00000 para top(01)
Mensaje D / 00:00:23:005 / bp(02) / ... para top(01)
Mensaje X / 00:00:23:005 / top(01) / blow /      3.00000 para tp(03)
Mensaje Y / 00:00:23:005 / top(01) / outf /      3.00000 para Root(00)
Mensaje D / 00:00:23:005 / tp(03) / 00:00:00:005 para top(01)
Mensaje D / 00:00:23:005 / top(01) / 00:00:00:005 para Root(00)
Mensaje * / 00:00:23:010 / Root(00) para top(01)
Mensaje * / 00:00:23:010 / top(01) para tp(03)
Mensaje Y / 00:00:23:010 / tp(03) / out /     22.00000 para top(01)
Mensaje D / 00:00:23:010 / tp(03) / ... para top(01)
Mensaje Y / 00:00:23:010 / top(01) / outr /     22.00000 para Root(00)
Mensaje D / 00:00:23:010 / top(01) / ... para Root(00)
