Mensaje I / 00:00:00:000 / Root(00) para top(01)
Mensaje I / 00:00:00:000 / top(01) para tm(02)
Mensaje D / 00:00:00:000 / tm(02) / ... para top(01)
Mensaje D / 00:00:00:000 / top(01) / ... para Root(00)
Mensaje X / 00:00:03:000 / Root(00) / in /     30.00000 para top(01)
Mensaje X / 00:00:03:000 / top(01) / in /     30.00000 para tm(02)
Mensaje D / 00:00:03:000 / tm(02) / 00:00:00:005 para top(01)
Mensaje D / 00:00:03:000 / top(01) / 00:00:00:005 para Root(00)
Mensaje * / 00:00:03:005 / Root(00) para top(01)
Mensaje * / 00:00:03:005 / top(01) para tm(02)
Mensaje Y / 00:00:03:005 / tm(02) / out /     28.00000 para top(01)
Mensaje D / 00:00:03:005 / tm(02) / ... para top(01)
Mensaje Y / 00:00:03:005 / top(01) / out /     28.00000 para Root(00)
Mensaje D / 00:00:03:005 / top(01) / ... para Root(00)
Mensaje X / 00:00:04:000 / Root(00) / in /      0.00000 para top(01)
Mensaje X / 00:00:04:000 / top(01) / in /      0.00000 para tm(02)
Mensaje D / 00:00:04:000 / tm(02) / 00:00:00:005 para top(01)
Mensaje D / 00:00:04:000 / top(01) / 00:00:00:005 para Root(00)
Mensaje * / 00:00:04:005 / Root(00) para top(01)
Mensaje * / 00:00:04:005 / top(01) para tm(02)
Mensaje Y / 00:00:04:005 / tm(02) / out /     24.00000 para top(01)
Mensaje D / 00:00:04:005 / tm(02) / ... para top(01)
Mensaje Y / 00:00:04:005 / top(01) / out /     24.00000 para Root(00)
Mensaje D / 00:00:04:005 / top(01) / ... para Root(00)
Mensaje X / 00:00:05:000 / Root(00) / in /     18.00000 para top(01)
Mensaje X / 00:00:05:000 / top(01) / in /     18.00000 para tm(02)
Mensaje D / 00:00:05:000 / tm(02) / 00:00:00:005 para top(01)
Mensaje D / 00:00:05:000 / top(01) / 00:00:00:005 para Root(00)
Mensaje * / 00:00:05:005 / Root(00) para top(01)
Mensaje * / 00:00:05:005 / top(01) para tm(02)
Mensaje Y / 00:00:05:005 / tm(02) / out /     18.00000 para top(01)
Mensaje D / 00:00:05:005 / tm(02) / ... para top(01)
Mensaje Y / 00:00:05:005 / top(01) / out /     18.00000 para Root(00)
Mensaje D / 00:00:05:005 / top(01) / ... para Root(00)
Mensaje X / 00:00:06:000 / Root(00) / in /     28.00000 para top(01)
Mensaje X / 00:00:06:000 / top(01) / in /     28.00000 para tm(02)
Mensaje D / 00:00:06:000 / tm(02) / 00:00:00:005 para top(01)
Mensaje D / 00:00:06:000 / top(01) / 00:00:00:005 para Root(00)
Mensaje * / 00:00:06:005 / Root(00) para top(01)
Mensaje * / 00:00:06:005 / top(01) para tm(02)
Mensaje Y / 00:00:06:005 / tm(02) / out /     28.00000 para top(01)
Mensaje D / 00:00:06:005 / tm(02) / ... para top(01)
Mensaje Y / 00:00:06:005 / top(01) / out /     28.00000 para Root(00)
Mensaje D / 00:00:06:005 / top(01) / ... para Root(00)
Mensaje X / 00:00:07:000 / Root(00) / in /      3.00000 para top(01)
Mensaje X / 00:00:07:000 / top(01) / in /      3.00000 para tm(02)
Mensaje D / 00:00:07:000 / tm(02) / 00:00:00:005 para top(01)
Mensaje D / 00:00:07:000 / top(01) / 00:00:00:005 para Root(00)
Mensaje * / 00:00:07:005 / Root(00) para top(01)
Mensaje * / 00:00:07:005 / top(01) para tm(02)
Mensaje Y / 00:00:07:005 / tm(02) / out /     16.00000 para top(01)
Mensaje D / 00:00:07:005 / tm(02) / ... para top(01)
Mensaje Y / 00:00:07:005 / top(01) / out /     16.00000 para Root(00)
Mensaje D / 00:00:07:005 / top(01) / ... para Root(00)
Mensaje X / 00:00:08:000 / Root(00) / in /      6.00000 para top(01)
Mensaje X / 00:00:08:000 / top(01) / in /      6.00000 para tm(02)
Mensaje D / 00:00:08:000 / tm(02) / 00:00:00:005 para top(01)
Mensaje D / 00:00:08:000 / top(01) / 00:00:00:005 para Root(00)
Mensaje * / 00:00:08:005 / Root(00) para top(01)
Mensaje * / 00:00:08:005 / top(01) para tm(02)
Mensaje Y / 00:00:08:005 / tm(02) / out /     16.00000 para top(01)
Mensaje D / 00:00:08:005 / tm(02) / ... para top(01)
Mensaje Y / 00:00:08:005 / top(01) / out /     16.00000 para Root(00)
Mensaje D / 00:00:08:005 / top(01) / ... para Root(00)
Mensaje X / 00:00:09:000 / Root(00) / in /     27.00000 para top(01)
Mensaje X / 00:00:09:000 / top(01) / in /     27.00000 para tm(02)
Mensaje D / 00:00:09:000 / tm(02) / 00:00:00:005 para top(01)
Mensaje D / 00:00:09:000 / top(01) / 00:00:00:005 para Root(00)
Mensaje * / 00:00:09:005 / Root(00) para top(01)
Mensaje * / 00:00:09:005 / top(01) para tm(02)
Mensaje Y / 00:00:09:005 / tm(02) / out /     27.00000 para top(01)
Mensaje D / 00:00:09:005 / tm(02) / ... para top(01)
Mensaje Y / 00:00:09:005 / top(01) / out /     27.00000 para Root(00)
Mensaje D / 00:00:09:005 / top(01) / ... para Root(00)
Mensaje X / 00:00:10:000 / Root(00) / in /     20.00000 para top(01)
Mensaje X / 00:00:10:000 / top(01) / in /     20.00000 para tm(02)
Mensaje D / 00:00:10:000 / tm(02) / 00:00:00:005 para top(01)
Mensaje D / 00:00:10:000 / top(01) / 00:00:00:005 para Root(00)
Mensaje * / 00:00:10:005 / Root(00) para top(01)
Mensaje * / 00:00:10:005 / top(01) para tm(02)
Mensaje Y / 00:00:10:005 / tm(02) / out /     20.00000 para top(01)
Mensaje D / 00:00:10:005 / tm(02) / ... para top(01)
Mensaje Y / 00:00:10:005 / top(01) / out /     20.00000 para Root(00)
Mensaje D / 00:00:10:005 / top(01) / ... para Root(00)
Mensaje X / 00:00:13:000 / Root(00) / in /     26.00000 para top(01)
Mensaje X / 00:00:13:000 / top(01) / in /     26.00000 para tm(02)
Mensaje D / 00:00:13:000 / tm(02) / 00:00:00:005 para top(01)
Mensaje D / 00:00:13:000 / top(01) / 00:00:00:005 para Root(00)
Mensaje * / 00:00:13:005 / Root(00) para top(01)
Mensaje * / 00:00:13:005 / top(01) para tm(02)
Mensaje Y / 00:00:13:005 / tm(02) / out /     26.00000 para top(01)
Mensaje D / 00:00:13:005 / tm(02) / ... para top(01)
Mensaje Y / 00:00:13:005 / top(01) / out /     26.00000 para Root(00)
Mensaje D / 00:00:13:005 / top(01) / ... para Root(00)
Mensaje X / 00:00:19:000 / Root(00) / in /     25.00000 para top(01)
Mensaje X / 00:00:19:000 / top(01) / in /     25.00000 para tm(02)
Mensaje D / 00:00:19:000 / tm(02) / 00:00:00:005 para top(01)
Mensaje D / 00:00:19:000 / top(01) / 00:00:00:005 para Root(00)
Mensaje * / 00:00:19:005 / Root(00) para top(01)
Mensaje * / 00:00:19:005 / top(01) para tm(02)
Mensaje Y / 00:00:19:005 / tm(02) / out /     25.00000 para top(01)
Mensaje D / 00:00:19:005 / tm(02) / ... para top(01)
Mensaje Y / 00:00:19:005 / top(01) / out /     25.00000 para Root(00)
Mensaje D / 00:00:19:005 / top(01) / ... para Root(00)
Mensaje X / 00:00:23:000 / Root(00) / in /      3.00000 para top(01)
Mensaje X / 00:00:23:000 / top(01) / in /      3.00000 para tm(02)
Mensaje D / 00:00:23:000 / tm(02) / 00:00:00:005 para top(01)
Mensaje D / 00:00:23:000 / top(01) / 00:00:00:005 para Root(00)
Mensaje X / 00:00:23:000 / Root(00) / in /     24.00000 para top(01)
Mensaje X / 00:00:23:000 / top(01) / in /     24.00000 para tm(02)
Mensaje D / 00:00:23:000 / tm(02) / 00:00:00:005 para top(01)
Mensaje D / 00:00:23:000 / top(01) / 00:00:00:005 para Root(00)
Mensaje * / 00:00:23:005 / Root(00) para top(01)
Mensaje * / 00:00:23:005 / top(01) para tm(02)
Mensaje Y / 00:00:23:005 / tm(02) / out /     24.00000 para top(01)
Mensaje D / 00:00:23:005 / tm(02) / ... para top(01)
Mensaje Y / 00:00:23:005 / top(01) / out /     24.00000 para Root(00)
Mensaje D / 00:00:23:005 / top(01) / ... para Root(00)
