Mensaje I / 00:00:00:000 / Root(00) para top(01)
Mensaje I / 00:00:00:000 / top(01) para tp(02)
Mensaje D / 00:00:00:000 / tp(02) / ... para top(01)
Mensaje D / 00:00:00:000 / top(01) / ... para Root(00)
Mensaje X / 00:00:03:000 / Root(00) / inm /     30.00000 para top(01)
Mensaje X / 00:00:03:000 / top(01) / inm /     30.00000 para tp(02)
Mensaje D / 00:00:03:000 / tp(02) / 00:00:00:005 para top(01)
Mensaje D / 00:00:03:000 / top(01) / 00:00:00:005 para Root(00)
Mensaje * / 00:00:03:005 / Root(00) para top(01)
Mensaje * / 00:00:03:005 / top(01) para tp(02)
Mensaje Y / 00:00:03:005 / tp(02) / out /     26.00000 para top(01)
Mensaje D / 00:00:03:005 / tp(02) / ... para top(01)
Mensaje Y / 00:00:03:005 / top(01) / outr /     26.00000 para Root(00)
Mensaje D / 00:00:03:005 / top(01) / ... para Root(00)
Mensaje X / 00:00:04:000 / Root(00) / blow /      0.00000 para top(01)
Mensaje X / 00:00:04:000 / top(01) / blow /      0.00000 para tp(02)
Mensaje D / 00:00:04:000 / tp(02) / 00:00:00:005 para top(01)
Mensaje D / 00:00:04:000 / top(01) / 00:00:00:005 para Root(00)
Mensaje * / 00:00:04:005 / Root(00) para top(01)
Mensaje * / 00:00:04:005 / top(01) para tp(02)
Mensaje Y / 00:00:04:005 / tp(02) / out /     24.00000 para top(01)
Mensaje D / 00:00:04:005 / tp(02) / ... para top(01)
Mensaje Y / 00:00:04:005 / top(01) / outr /     24.00000 para Root(00)
Mensaje D / 00:00:04:005 / top(01) / ... para Root(00)
Mensaje X / 00:00:05:000 / Root(00) / int /     18.00000 para top(01)
Mensaje X / 00:00:05:000 / top(01) / int /     18.00000 para tp(02)
Mensaje D / 00:00:05:000 / tp(02) / 00:00:00:005 para top(01)
Mensaje D / 00:00:05:000 / top(01) / 00:00:00:005 para Root(00)
Mensaje * / 00:00:05:005 / Root(00) para top(01)
Mensaje * / 00:00:05:005 / top(01) para tp(02)
Mensaje Y / 00:00:05:005 / tp(02) / temp /     18.00000 para top(01)
Mensaje D / 00:00:05:005 / tp(02) / ... para top(01)
Mensaje Y / 00:00:05:005 / top(01) / temp /     18.00000 para Root(00)
Mensaje D / 00:00:05:005 / top(01) / ... para Root(00)
Mensaje X / 00:00:06:000 / Root(00) / inm /     28.00000 para top(01)
Mensaje X / 00:00:06:000 / top(01) / inm /     28.00000 para tp(02)
Mensaje D / 00:00:06:000 / tp(02) / 00:00:00:005 para top(01)
Mensaje D / 00:00:06:000 / top(01) / 00:00:00:005 para Root(00)
Mensaje * / 00:00:06:005 / Root(00) para top(01)
Mensaje * / 00:00:06:005 / top(01) para tp(02)
Mensaje Y / 00:00:06:005 / tp(02) / out /     18.00000 para top(01)
Mensaje D / 00:00:06:005 / tp(02) / ... para top(01)
Mensaje Y / 00:00:06:005 / top(01) / outr /     18.00000 para Root(00)
Mensaje D / 00:00:06:005 / top(01) / ... para Root(00)
Mensaje X / 00:00:07:000 / Root(00) / blow /      3.00000 para top(01)
Mensaje X / 00:00:07:000 / top(01) / blow /      3.00000 para tp(02)
Mensaje D / 00:00:07:000 / tp(02) / 00:00:00:005 para top(01)
Mensaje D / 00:00:07:000 / top(01) / 00:00:00:005 para Root(00)
Mensaje * / 00:00:07:005 / Root(00) para top(01)
Mensaje * / 00:00:07:005 / top(01) para tp(02)
Mensaje Y / 00:00:07:005 / tp(02) / out /     23.00000 para top(01)
Mensaje D / 00:00:07:005 / tp(02) / ... para top(01)
Mensaje Y / 00:00:07:005 / top(01) / outr /     23.00000 para Root(00)
Mensaje D / 00:00:07:005 / top(01) / ... para Root(00)
Mensaje X / 00:00:08:000 / Root(00) / blow /      6.00000 para top(01)
Mensaje X / 00:00:08:000 / top(01) / blow /      6.00000 para tp(02)
Mensaje D / 00:00:08:000 / tp(02) / 00:00:00:005 para top(01)
Mensaje D / 00:00:08:000 / top(01) / 00:00:00:005 para Root(00)
Mensaje * / 00:00:08:005 / Root(00) para top(01)
Mensaje * / 00:00:08:005 / top(01) para tp(02)
Mensaje Y / 00:00:08:005 / tp(02) / out /     26.00000 para top(01)
Mensaje D / 00:00:08:005 / tp(02) / ... para top(01)
Mensaje Y / 00:00:08:005 / top(01) / outr /     26.00000 para Root(00)
Mensaje D / 00:00:08:005 / top(01) / ... para Root(00)
Mensaje X / 00:00:09:000 / Root(00) / inm /     27.00000 para top(01)
Mensaje X / 00:00:09:000 / top(01) / inm /     27.00000 para tp(02)
Mensaje D / 00:00:09:000 / tp(02) / 00:00:00:005 para top(01)
Mensaje D / 00:00:09:000 / top(01) / 00:00:00:005 para Root(00)
Mensaje * / 00:00:09:005 / Root(00) para top(01)
Mensaje * / 00:00:09:005 / top(01) para tp(02)
Mensaje Y / 00:00:09:005 / tp(02) / out /     25.00000 para top(01)
Mensaje D / 00:00:09:005 / tp(02) / ... para top(01)
Mensaje Y / 00:00:09:005 / top(01) / outr /     25.00000 para Root(00)
Mensaje D / 00:00:09:005 / top(01) / ... para Root(00)
Mensaje X / 00:00:10:000 / Root(00) / int /     20.00000 para top(01)
Mensaje X / 00:00:10:000 / top(01) / int /     20.00000 para tp(02)
Mensaje D / 00:00:10:000 / tp(02) / 00:00:00:005 para top(01)
Mensaje D / 00:00:10:000 / top(01) / 00:00:00:005 para Root(00)
Mensaje * / 00:00:10:005 / Root(00) para top(01)
Mensaje * / 00:00:10:005 / top(01) para tp(02)
Mensaje Y / 00:00:10:005 / tp(02) / temp /     20.00000 para top(01)
Mensaje D / 00:00:10:005 / tp(02) / ... para top(01)
Mensaje Y / 00:00:10:005 / top(01) / temp /     20.00000 para Root(00)
Mensaje D / 00:00:10:005 / top(01) / ... para Root(00)
Mensaje X / 00:00:13:000 / Root(00) / inm /     26.00000 para top(01)
Mensaje X / 00:00:13:000 / top(01) / inm /     26.00000 para tp(02)
Mensaje D / 00:00:13:000 / tp(02) / 00:00:00:005 para top(01)
Mensaje D / 00:00:13:000 / top(01) / 00:00:00:005 para Root(00)
Mensaje * / 00:00:13:005 / Root(00) para top(01)
Mensaje * / 00:00:13:005 / top(01) para tp(02)
Mensaje Y / 00:00:13:005 / tp(02) / out /     24.00000 para top(01)
Mensaje D / 00:00:13:005 / tp(02) / ... para top(01)
Mensaje Y / 00:00:13:005 / top(01) / outr /     24.00000 para Root(00)
Mensaje D / 00:00:13:005 / top(01) / ... para Root(00)
Mensaje X / 00:00:19:000 / Root(00) / inm /     25.00000 para top(01)
Mensaje X / 00:00:19:000 / top(01) / inm /     25.00000 para tp(02)
Mensaje D / 00:00:19:000 / tp(02) / 00:00:00:005 para top(01)
Mensaje D / 00:00:19:000 / top(01) / 00:00:00:005 para Root(00)
Mensaje * / 00:00:19:005 / Root(00) para top(01)
Mensaje * / 00:00:19:005 / top(01) para tp(02)
Mensaje Y / 00:00:19:005 / tp(02) / out /     24.00000 para top(01)
Mensaje D / 00:00:19:005 / tp(02) / ... para top(01)
Mensaje Y / 00:00:19:005 / top(01) / outr /     24.00000 para Root(00)
Mensaje D / 00:00:19:005 / top(01) / ... para Root(00)
Mensaje X / 00:00:23:000 / Root(00) / blow /      3.00000 para top(01)
Mensaje X / 00:00:23:000 / top(01) / blow /      3.00000 para tp(02)
Mensaje D / 00:00:23:000 / tp(02) / 00:00:00:005 para top(01)
Mensaje D / 00:00:23:000 / top(01) / 00:00:00:005 para Root(00)
Mensaje X / 00:00:23:000 / Root(00) / inm /     24.00000 para top(01)
Mensaje X / 00:00:23:000 / top(01) / inm /     24.00000 para tp(02)
Mensaje D / 00:00:23:000 / tp(02) / 00:00:00:005 para top(01)
Mensaje D / 00:00:23:000 / top(01) / 00:00:00:005 para Root(00)
Mensaje * / 00:00:23:005 / Root(00) para top(01)
Mensaje * / 00:00:23:005 / top(01) para tp(02)
Mensaje Y / 00:00:23:005 / tp(02) / out /     22.00000 para top(01)
Mensaje D / 00:00:23:005 / tp(02) / ... para top(01)
Mensaje Y / 00:00:23:005 / top(01) / outr /     22.00000 para Root(00)
Mensaje D / 00:00:23:005 / top(01) / ... para Root(00)
